[2026-04-21 17:28:35,147] root - INFO - training pipeline started
[2026-04-21 17:28:35,147] root - INFO - Training Pipeline Config initialized with timestamp: 2026-04-21 17:28:34.281786
[2026-04-21 17:28:35,147] root - INFO - Data Ingestion Config initialized with training pipeline config: <networksecurity.entity.config_entity.trainingPipelineConfig object at 0x000001D09CED8110>
[2026-04-21 17:28:35,147] root - INFO - Data Ingestion component initialized with config: <networksecurity.entity.config_entity.DataIngestionConfig object at 0x000001D0ACFD2310>
[2026-04-21 17:28:35,147] root - INFO - Connecting to MongoDB using URI: mongodb+srv://mohamedwael3346_db_user:mohamedwael12@cluster0.blmttww.mongodb.net/?appName=Cluster0
[2026-04-21 17:28:35,385] root - INFO - Successfully connected to database: NetworkSecurity and collection: NetworkData
[2026-04-21 17:28:41,597] root - INFO - Data has been read from database: NetworkSecurity and collection: NetworkData
[2026-04-21 17:28:41,650] root - INFO - Data has been exported to feature store at path: Artifacts\04_21_2026_17_28_34\data_ingestion\feature_store\phisingData.csv
[2026-04-21 17:28:41,650] root - INFO - Data has been split into train and test sets with test size ratio: 0.2
[2026-04-21 17:28:41,650] root - INFO - exiting the split_data_as_train_test method of DataIngestion class
[2026-04-21 17:28:41,699] root - INFO - Train and test data have been exported to paths: Artifacts\04_21_2026_17_28_34\data_ingestion\ingested\train.csv, Artifacts\04_21_2026_17_28_34\data_ingestion\ingested\test.csv
[2026-04-21 17:28:41,708] root - INFO - data intitianed and completed
[2026-04-21 17:28:41,708] root - INFO - Data Validation Config initialized with training pipeline config: <networksecurity.entity.config_entity.trainingPipelineConfig object at 0x000001D09CED8110>
[2026-04-21 17:28:41,708] root - INFO - Data Validation component initialized with data ingestion artifact: DataIngestionArtifact(train_file_path='Artifacts\\04_21_2026_17_28_34\\data_ingestion\\ingested\\train.csv', test_file_path='Artifacts\\04_21_2026_17_28_34\\data_ingestion\\ingested\\test.csv') and data validation config: <networksecurity.entity.config_entity.DataValidationConfig object at 0x000001D09BA09890>
[2026-04-21 17:28:41,731] root - INFO - number of columns in the dataframe is 31
[2026-04-21 17:28:41,731] root - INFO - number of columns in the dataframe is 31
[2026-04-21 17:28:41,731] root - INFO - number of columns in the dataframe is 31
[2026-04-21 17:28:41,731] root - INFO - number of columns in the dataframe is 31
[2026-04-21 17:28:41,731] root - INFO - numerical columns in the dataframe are ['having_IP_Address', 'URL_Length', 'Shortining_Service', 'having_At_Symbol', 'double_slash_redirecting', 'Prefix_Suffix', 'having_Sub_Domain', 'SSLfinal_State', 'Domain_registeration_length', 'Favicon', 'port', 'HTTPS_token', 'Request_URL', 'URL_of_Anchor', 'Links_in_tags', 'SFH', 'Submitting_to_email', 'Abnormal_URL', 'Redirect', 'on_mouseover', 'RightClick', 'popUpWidnow', 'Iframe', 'age_of_domain', 'DNSRecord', 'web_traffic', 'Page_Rank', 'Google_Index', 'Links_pointing_to_page', 'Statistical_report']
[2026-04-21 17:28:41,731] root - INFO - numerical columns in the dataframe are ['having_IP_Address', 'URL_Length', 'Shortining_Service', 'having_At_Symbol', 'double_slash_redirecting', 'Prefix_Suffix', 'having_Sub_Domain', 'SSLfinal_State', 'Domain_registeration_length', 'Favicon', 'port', 'HTTPS_token', 'Request_URL', 'URL_of_Anchor', 'Links_in_tags', 'SFH', 'Submitting_to_email', 'Abnormal_URL', 'Redirect', 'on_mouseover', 'RightClick', 'popUpWidnow', 'Iframe', 'age_of_domain', 'DNSRecord', 'web_traffic', 'Page_Rank', 'Google_Index', 'Links_pointing_to_page', 'Statistical_report']
[2026-04-21 17:28:41,831] root - INFO - writing yaml file {'having_IP_Address': {'p_value': 0.9890321623362285, 'drift': False}, 'URL_Length': {'p_value': 1.0, 'drift': False}, 'Shortining_Service': {'p_value': 0.8427303427983684, 'drift': False}, 'having_At_Symbol': {'p_value': 1.0, 'drift': False}, 'double_slash_redirecting': {'p_value': 0.998821814236978, 'drift': False}, 'Prefix_Suffix': {'p_value': 1.0, 'drift': False}, 'having_Sub_Domain': {'p_value': 0.9826271842488499, 'drift': False}, 'SSLfinal_State': {'p_value': 0.45991477918984003, 'drift': False}, 'Domain_registeration_length': {'p_value': 1.0, 'drift': False}, 'Favicon': {'p_value': 0.6690447230238084, 'drift': False}, 'port': {'p_value': 1.0, 'drift': False}, 'HTTPS_token': {'p_value': 0.9914952304622426, 'drift': False}, 'Request_URL': {'p_value': 0.9999760319468036, 'drift': False}, 'URL_of_Anchor': {'p_value': 0.9999999883158472, 'drift': False}, 'Links_in_tags': {'p_value': 0.5654537636267017, 'drift': False}, 'SFH': {'p_value': 0.903368877960458, 'drift': False}, 'Submitting_to_email': {'p_value': 1.0, 'drift': False}, 'Abnormal_URL': {'p_value': 0.9999062353866229, 'drift': False}, 'Redirect': {'p_value': 0.903368877960458, 'drift': False}, 'on_mouseover': {'p_value': 0.9860900857001905, 'drift': False}, 'RightClick': {'p_value': 0.9999982228268777, 'drift': False}, 'popUpWidnow': {'p_value': 0.98068847421368, 'drift': False}, 'Iframe': {'p_value': 0.9974838014331485, 'drift': False}, 'age_of_domain': {'p_value': 0.18455754591332144, 'drift': False}, 'DNSRecord': {'p_value': 0.581186757411063, 'drift': False}, 'web_traffic': {'p_value': 1.0, 'drift': False}, 'Page_Rank': {'p_value': 0.9659080032037665, 'drift': False}, 'Google_Index': {'p_value': 1.0, 'drift': False}, 'Links_pointing_to_page': {'p_value': 0.918796249345484, 'drift': False}, 'Statistical_report': {'p_value': 1.0, 'drift': False}, 'Result': {'p_value': 0.9990438890770315, 'drift': False}}
[2026-04-21 17:28:41,888] root - INFO - data validation intitianed and completed
