[2026-04-26 19:45:35,087] root - INFO - training pipeline started
[2026-04-26 19:45:35,087] root - INFO - Training Pipeline Config initialized with timestamp: 2026-04-26 19:45:34.306647
[2026-04-26 19:45:35,087] root - INFO - Data Ingestion Config initialized with training pipeline config: <networksecurity.entity.config_entity.trainingPipelineConfig object at 0x000001EEE1DE4A10>
[2026-04-26 19:45:35,087] root - INFO - Data Ingestion component initialized with config: <networksecurity.entity.config_entity.DataIngestionConfig object at 0x000001EEE1DD35D0>
[2026-04-26 19:45:35,087] root - INFO - Connecting to MongoDB
[2026-04-26 19:45:35,917] root - INFO - Successfully connected to database: NetworkSecurity and collection: NetworkData
[2026-04-26 19:46:19,387] root - INFO - Data has been read from database: NetworkSecurity and collection: NetworkData
[2026-04-26 19:46:19,429] root - INFO - Data has been exported to feature store at path: Artifacts\04_26_2026_19_45_34\data_ingestion\feature_store\phisingData.csv
[2026-04-26 19:46:19,431] root - INFO - Data has been split into train and test sets with test size ratio: 0.2
[2026-04-26 19:46:19,431] root - INFO - exiting the split_data_as_train_test method of DataIngestion class
[2026-04-26 19:46:19,471] root - INFO - Train and test data have been exported to paths: Artifacts\04_26_2026_19_45_34\data_ingestion\ingested\train.csv, Artifacts\04_26_2026_19_45_34\data_ingestion\ingested\test.csv
[2026-04-26 19:46:19,472] root - INFO - data intitianed and completed
[2026-04-26 19:46:19,472] root - INFO - Data Validation Config initialized with training pipeline config: <networksecurity.entity.config_entity.trainingPipelineConfig object at 0x000001EEE1DE4A10>
[2026-04-26 19:46:19,474] root - INFO - Data Validation component initialized with data ingestion artifact: DataIngestionArtifact(train_file_path='Artifacts\\04_26_2026_19_45_34\\data_ingestion\\ingested\\train.csv', test_file_path='Artifacts\\04_26_2026_19_45_34\\data_ingestion\\ingested\\test.csv') and data validation config: <networksecurity.entity.config_entity.DataValidationConfig object at 0x000001EEE1AC9890>
[2026-04-26 19:46:19,500] root - INFO - number of columns in the dataframe is 31
[2026-04-26 19:46:19,500] root - INFO - number of columns in the dataframe is 31
[2026-04-26 19:46:19,500] root - INFO - number of columns in the dataframe is 31
[2026-04-26 19:46:19,500] root - INFO - number of columns in the dataframe is 31
[2026-04-26 19:46:19,500] root - INFO - numerical columns in the dataframe are ['having_IP_Address', 'URL_Length', 'Shortining_Service', 'having_At_Symbol', 'double_slash_redirecting', 'Prefix_Suffix', 'having_Sub_Domain', 'SSLfinal_State', 'Domain_registeration_length', 'Favicon', 'port', 'HTTPS_token', 'Request_URL', 'URL_of_Anchor', 'Links_in_tags', 'SFH', 'Submitting_to_email', 'Abnormal_URL', 'Redirect', 'on_mouseover', 'RightClick', 'popUpWidnow', 'Iframe', 'age_of_domain', 'DNSRecord', 'web_traffic', 'Page_Rank', 'Google_Index', 'Links_pointing_to_page', 'Statistical_report']
[2026-04-26 19:46:19,501] root - INFO - numerical columns in the dataframe are ['having_IP_Address', 'URL_Length', 'Shortining_Service', 'having_At_Symbol', 'double_slash_redirecting', 'Prefix_Suffix', 'having_Sub_Domain', 'SSLfinal_State', 'Domain_registeration_length', 'Favicon', 'port', 'HTTPS_token', 'Request_URL', 'URL_of_Anchor', 'Links_in_tags', 'SFH', 'Submitting_to_email', 'Abnormal_URL', 'Redirect', 'on_mouseover', 'RightClick', 'popUpWidnow', 'Iframe', 'age_of_domain', 'DNSRecord', 'web_traffic', 'Page_Rank', 'Google_Index', 'Links_pointing_to_page', 'Statistical_report']
[2026-04-26 19:46:19,557] root - INFO - writing yaml file {'having_IP_Address': {'p_value': 1.0, 'drift': False}, 'URL_Length': {'p_value': 0.9964705532516113, 'drift': False}, 'Shortining_Service': {'p_value': 0.9998299425911609, 'drift': False}, 'having_At_Symbol': {'p_value': 0.9998728965778992, 'drift': False}, 'double_slash_redirecting': {'p_value': 1.0, 'drift': False}, 'Prefix_Suffix': {'p_value': 1.0, 'drift': False}, 'having_Sub_Domain': {'p_value': 0.7634837477364733, 'drift': False}, 'SSLfinal_State': {'p_value': 0.9999982228268777, 'drift': False}, 'Domain_registeration_length': {'p_value': 1.0, 'drift': False}, 'Favicon': {'p_value': 0.98068847421368, 'drift': False}, 'port': {'p_value': 1.0, 'drift': False}, 'HTTPS_token': {'p_value': 0.9999836499887566, 'drift': False}, 'Request_URL': {'p_value': 0.9998728965778992, 'drift': False}, 'URL_of_Anchor': {'p_value': 0.9876237011526984, 'drift': False}, 'Links_in_tags': {'p_value': 0.48171578755143557, 'drift': False}, 'SFH': {'p_value': 0.903368877960458, 'drift': False}, 'Submitting_to_email': {'p_value': 0.9999999999876384, 'drift': False}, 'Abnormal_URL': {'p_value': 0.9999999999997877, 'drift': False}, 'Redirect': {'p_value': 1.0, 'drift': False}, 'on_mouseover': {'p_value': 0.9998728965778992, 'drift': False}, 'RightClick': {'p_value': 1.0, 'drift': False}, 'popUpWidnow': {'p_value': 0.9563660841655501, 'drift': False}, 'Iframe': {'p_value': 1.0, 'drift': False}, 'age_of_domain': {'p_value': 1.0, 'drift': False}, 'DNSRecord': {'p_value': 1.0, 'drift': False}, 'web_traffic': {'p_value': 0.9999982228268777, 'drift': False}, 'Page_Rank': {'p_value': 0.9999999999997877, 'drift': False}, 'Google_Index': {'p_value': 0.9999999998789996, 'drift': False}, 'Links_pointing_to_page': {'p_value': 0.9786058095826133, 'drift': False}, 'Statistical_report': {'p_value': 1.0, 'drift': False}, 'Result': {'p_value': 1.0, 'drift': False}}
[2026-04-26 19:46:19,601] root - INFO - data validation intitianed and completed
[2026-04-26 19:46:19,601] root - INFO - Data Transformation Config initialized with training pipeline config: <networksecurity.entity.config_entity.trainingPipelineConfig object at 0x000001EEE1DE4A10>
[2026-04-26 19:46:19,601] root - INFO - Data Transformation component initialized with data validation artifact: DataValidationArtifact(validation_status=True, valid_train_file_path='Artifacts\\04_26_2026_19_45_34\\data_validation\\validated\\train.csv', valid_test_file_path='Artifacts\\04_26_2026_19_45_34\\data_validation\\validated\\test.csv', invalid_train_file_path='Artifacts\\04_26_2026_19_45_34\\data_validation\\invalid\\train.csv', invalid_test_file_path='Artifacts\\04_26_2026_19_45_34\\data_validation\\invalid\\test.csv', drift_report_file_path='Artifacts\\04_26_2026_19_45_34\\data_validation\\drift_report\\report.yaml') and data transformation config: <networksecurity.entity.config_entity.DataTransformationConfig object at 0x000001EEE1FF58D0>
[2026-04-26 19:46:19,601] root - INFO - Initiating data transformation
[2026-04-26 19:46:19,630] root - INFO - Creating data transformer object
