[2026-04-26 19:47:25,712] root - INFO - training pipeline started
[2026-04-26 19:47:25,712] root - INFO - Training Pipeline Config initialized with timestamp: 2026-04-26 19:47:24.927253
[2026-04-26 19:47:25,712] root - INFO - Data Ingestion Config initialized with training pipeline config: <networksecurity.entity.config_entity.trainingPipelineConfig object at 0x000002849126F810>
[2026-04-26 19:47:25,712] root - INFO - Data Ingestion component initialized with config: <networksecurity.entity.config_entity.DataIngestionConfig object at 0x000002849140AE10>
[2026-04-26 19:47:25,712] root - INFO - Connecting to MongoDB
[2026-04-26 19:47:26,441] root - INFO - Successfully connected to database: NetworkSecurity and collection: NetworkData
[2026-04-26 19:49:34,260] root - INFO - Data has been read from database: NetworkSecurity and collection: NetworkData
[2026-04-26 19:49:34,302] root - INFO - Data has been exported to feature store at path: Artifacts\04_26_2026_19_47_24\data_ingestion\feature_store\phisingData.csv
[2026-04-26 19:49:34,304] root - INFO - Data has been split into train and test sets with test size ratio: 0.2
[2026-04-26 19:49:34,304] root - INFO - exiting the split_data_as_train_test method of DataIngestion class
[2026-04-26 19:49:34,345] root - INFO - Train and test data have been exported to paths: Artifacts\04_26_2026_19_47_24\data_ingestion\ingested\train.csv, Artifacts\04_26_2026_19_47_24\data_ingestion\ingested\test.csv
[2026-04-26 19:49:34,345] root - INFO - data intitianed and completed
[2026-04-26 19:49:34,345] root - INFO - Data Validation Config initialized with training pipeline config: <networksecurity.entity.config_entity.trainingPipelineConfig object at 0x000002849126F810>
[2026-04-26 19:49:34,348] root - INFO - Data Validation component initialized with data ingestion artifact: DataIngestionArtifact(train_file_path='Artifacts\\04_26_2026_19_47_24\\data_ingestion\\ingested\\train.csv', test_file_path='Artifacts\\04_26_2026_19_47_24\\data_ingestion\\ingested\\test.csv') and data validation config: <networksecurity.entity.config_entity.DataValidationConfig object at 0x000002848F99C890>
[2026-04-26 19:49:34,378] root - INFO - number of columns in the dataframe is 31
[2026-04-26 19:49:34,378] root - INFO - number of columns in the dataframe is 31
[2026-04-26 19:49:34,378] root - INFO - number of columns in the dataframe is 31
[2026-04-26 19:49:34,378] root - INFO - number of columns in the dataframe is 31
[2026-04-26 19:49:34,378] root - INFO - numerical columns in the dataframe are ['having_IP_Address', 'URL_Length', 'Shortining_Service', 'having_At_Symbol', 'double_slash_redirecting', 'Prefix_Suffix', 'having_Sub_Domain', 'SSLfinal_State', 'Domain_registeration_length', 'Favicon', 'port', 'HTTPS_token', 'Request_URL', 'URL_of_Anchor', 'Links_in_tags', 'SFH', 'Submitting_to_email', 'Abnormal_URL', 'Redirect', 'on_mouseover', 'RightClick', 'popUpWidnow', 'Iframe', 'age_of_domain', 'DNSRecord', 'web_traffic', 'Page_Rank', 'Google_Index', 'Links_pointing_to_page', 'Statistical_report']
[2026-04-26 19:49:34,379] root - INFO - numerical columns in the dataframe are ['having_IP_Address', 'URL_Length', 'Shortining_Service', 'having_At_Symbol', 'double_slash_redirecting', 'Prefix_Suffix', 'having_Sub_Domain', 'SSLfinal_State', 'Domain_registeration_length', 'Favicon', 'port', 'HTTPS_token', 'Request_URL', 'URL_of_Anchor', 'Links_in_tags', 'SFH', 'Submitting_to_email', 'Abnormal_URL', 'Redirect', 'on_mouseover', 'RightClick', 'popUpWidnow', 'Iframe', 'age_of_domain', 'DNSRecord', 'web_traffic', 'Page_Rank', 'Google_Index', 'Links_pointing_to_page', 'Statistical_report']
[2026-04-26 19:49:34,445] root - INFO - writing yaml file {'having_IP_Address': {'p_value': 0.43863579401311514, 'drift': False}, 'URL_Length': {'p_value': 0.9985597993583677, 'drift': False}, 'Shortining_Service': {'p_value': 0.6369650807361981, 'drift': False}, 'having_At_Symbol': {'p_value': 0.9985597993583677, 'drift': False}, 'double_slash_redirecting': {'p_value': 0.793456747140991, 'drift': False}, 'Prefix_Suffix': {'p_value': 1.0, 'drift': False}, 'having_Sub_Domain': {'p_value': 0.999931781258988, 'drift': False}, 'SSLfinal_State': {'p_value': 0.9999999991050752, 'drift': False}, 'Domain_registeration_length': {'p_value': 0.9659080032037665, 'drift': False}, 'Favicon': {'p_value': 1.0, 'drift': False}, 'port': {'p_value': 1.0, 'drift': False}, 'HTTPS_token': {'p_value': 0.9999999977781104, 'drift': False}, 'Request_URL': {'p_value': 0.9999998099738984, 'drift': False}, 'URL_of_Anchor': {'p_value': 0.9491766928826618, 'drift': False}, 'Links_in_tags': {'p_value': 0.9985597993583677, 'drift': False}, 'SFH': {'p_value': 1.0, 'drift': False}, 'Submitting_to_email': {'p_value': 1.0, 'drift': False}, 'Abnormal_URL': {'p_value': 0.5970291509297161, 'drift': False}, 'Redirect': {'p_value': 0.28982276159281034, 'drift': False}, 'on_mouseover': {'p_value': 0.9763752606358573, 'drift': False}, 'RightClick': {'p_value': 1.0, 'drift': False}, 'popUpWidnow': {'p_value': 1.0, 'drift': False}, 'Iframe': {'p_value': 1.0, 'drift': False}, 'age_of_domain': {'p_value': 0.9982529381226167, 'drift': False}, 'DNSRecord': {'p_value': 0.9999999999965016, 'drift': False}, 'web_traffic': {'p_value': 1.0, 'drift': False}, 'Page_Rank': {'p_value': 1.0, 'drift': False}, 'Google_Index': {'p_value': 1.0, 'drift': False}, 'Links_pointing_to_page': {'p_value': 0.9659080032037665, 'drift': False}, 'Statistical_report': {'p_value': 0.20034999487866045, 'drift': False}, 'Result': {'p_value': 0.9997752665277037, 'drift': False}}
[2026-04-26 19:49:34,485] root - INFO - data validation intitianed and completed
[2026-04-26 19:49:34,485] root - INFO - Data Transformation Config initialized with training pipeline config: <networksecurity.entity.config_entity.trainingPipelineConfig object at 0x000002849126F810>
[2026-04-26 19:49:34,485] root - INFO - Data Transformation component initialized with data validation artifact: DataValidationArtifact(validation_status=True, valid_train_file_path='Artifacts\\04_26_2026_19_47_24\\data_validation\\validated\\train.csv', valid_test_file_path='Artifacts\\04_26_2026_19_47_24\\data_validation\\validated\\test.csv', invalid_train_file_path='Artifacts\\04_26_2026_19_47_24\\data_validation\\invalid\\train.csv', invalid_test_file_path='Artifacts\\04_26_2026_19_47_24\\data_validation\\invalid\\test.csv', drift_report_file_path='Artifacts\\04_26_2026_19_47_24\\data_validation\\drift_report\\report.yaml') and data transformation config: <networksecurity.entity.config_entity.DataTransformationConfig object at 0x0000028491662690>
[2026-04-26 19:49:34,485] root - INFO - Initiating data transformation
[2026-04-26 19:49:34,514] root - INFO - Creating data transformer object
[2026-04-26 19:49:34,514] root - INFO - Data transformer object created with imputer parameters: {'n_neighbors': 3, 'weights': 'uniform', 'missing_values': nan}
[2026-04-26 19:49:34,527] root - INFO - Data transformation completed and data transformation artifact created: DataTransformationArtifact(transformed_train_file_path='Artifacts\\04_26_2026_19_47_24\\data_transformation\\transformed\\train.npy', transformed_test_file_path='Artifacts\\04_26_2026_19_47_24\\data_transformation\\transformed\\test.npy', preprocessor_object_file_path='Artifacts\\04_26_2026_19_47_24\\data_transformation\\transformed\\preprocessor.pkl')
[2026-04-26 19:49:34,528] root - INFO - data transformation intitianed and completed
