[2026-04-26 19:42:44,930] root - INFO - training pipeline started
[2026-04-26 19:42:44,930] root - INFO - Training Pipeline Config initialized with timestamp: 2026-04-26 19:42:44.149238
[2026-04-26 19:42:44,930] root - INFO - Data Ingestion Config initialized with training pipeline config: <networksecurity.entity.config_entity.trainingPipelineConfig object at 0x0000017491DCD510>
[2026-04-26 19:42:44,930] root - INFO - Data Ingestion component initialized with config: <networksecurity.entity.config_entity.DataIngestionConfig object at 0x00000174916335D0>
[2026-04-26 19:42:44,930] root - INFO - Connecting to MongoDB
[2026-04-26 19:42:45,694] root - INFO - Successfully connected to database: NetworkSecurity and collection: NetworkData
[2026-04-26 19:44:02,117] root - INFO - Data has been read from database: NetworkSecurity and collection: NetworkData
[2026-04-26 19:44:02,160] root - INFO - Data has been exported to feature store at path: Artifacts\04_26_2026_19_42_44\data_ingestion\feature_store\phisingData.csv
[2026-04-26 19:44:02,162] root - INFO - Data has been split into train and test sets with test size ratio: 0.2
[2026-04-26 19:44:02,163] root - INFO - exiting the split_data_as_train_test method of DataIngestion class
[2026-04-26 19:44:02,204] root - INFO - Train and test data have been exported to paths: Artifacts\04_26_2026_19_42_44\data_ingestion\ingested\train.csv, Artifacts\04_26_2026_19_42_44\data_ingestion\ingested\test.csv
[2026-04-26 19:44:02,204] root - INFO - data intitianed and completed
[2026-04-26 19:44:02,204] root - INFO - Data Validation Config initialized with training pipeline config: <networksecurity.entity.config_entity.trainingPipelineConfig object at 0x0000017491DCD510>
[2026-04-26 19:44:02,207] root - INFO - Data Validation component initialized with data ingestion artifact: DataIngestionArtifact(train_file_path='Artifacts\\04_26_2026_19_42_44\\data_ingestion\\ingested\\train.csv', test_file_path='Artifacts\\04_26_2026_19_42_44\\data_ingestion\\ingested\\test.csv') and data validation config: <networksecurity.entity.config_entity.DataValidationConfig object at 0x00000174816ED890>
[2026-04-26 19:44:02,234] root - INFO - number of columns in the dataframe is 31
[2026-04-26 19:44:02,234] root - INFO - number of columns in the dataframe is 31
[2026-04-26 19:44:02,234] root - INFO - number of columns in the dataframe is 31
[2026-04-26 19:44:02,234] root - INFO - number of columns in the dataframe is 31
[2026-04-26 19:44:02,234] root - INFO - numerical columns in the dataframe are ['having_IP_Address', 'URL_Length', 'Shortining_Service', 'having_At_Symbol', 'double_slash_redirecting', 'Prefix_Suffix', 'having_Sub_Domain', 'SSLfinal_State', 'Domain_registeration_length', 'Favicon', 'port', 'HTTPS_token', 'Request_URL', 'URL_of_Anchor', 'Links_in_tags', 'SFH', 'Submitting_to_email', 'Abnormal_URL', 'Redirect', 'on_mouseover', 'RightClick', 'popUpWidnow', 'Iframe', 'age_of_domain', 'DNSRecord', 'web_traffic', 'Page_Rank', 'Google_Index', 'Links_pointing_to_page', 'Statistical_report']
[2026-04-26 19:44:02,235] root - INFO - numerical columns in the dataframe are ['having_IP_Address', 'URL_Length', 'Shortining_Service', 'having_At_Symbol', 'double_slash_redirecting', 'Prefix_Suffix', 'having_Sub_Domain', 'SSLfinal_State', 'Domain_registeration_length', 'Favicon', 'port', 'HTTPS_token', 'Request_URL', 'URL_of_Anchor', 'Links_in_tags', 'SFH', 'Submitting_to_email', 'Abnormal_URL', 'Redirect', 'on_mouseover', 'RightClick', 'popUpWidnow', 'Iframe', 'age_of_domain', 'DNSRecord', 'web_traffic', 'Page_Rank', 'Google_Index', 'Links_pointing_to_page', 'Statistical_report']
[2026-04-26 19:44:02,294] root - INFO - writing yaml file {'having_IP_Address': {'p_value': 0.9999890535726116, 'drift': False}, 'URL_Length': {'p_value': 1.0, 'drift': False}, 'Shortining_Service': {'p_value': 1.0, 'drift': False}, 'having_At_Symbol': {'p_value': 0.9860900857001905, 'drift': False}, 'double_slash_redirecting': {'p_value': 0.9993864328065777, 'drift': False}, 'Prefix_Suffix': {'p_value': 0.9925611176019148, 'drift': False}, 'having_Sub_Domain': {'p_value': 0.9999971010402764, 'drift': False}, 'SSLfinal_State': {'p_value': 0.9999999883158472, 'drift': False}, 'Domain_registeration_length': {'p_value': 0.9958579353974752, 'drift': False}, 'Favicon': {'p_value': 1.0, 'drift': False}, 'port': {'p_value': 1.0, 'drift': False}, 'HTTPS_token': {'p_value': 0.9999999883158472, 'drift': False}, 'Request_URL': {'p_value': 0.5267304130409213, 'drift': False}, 'URL_of_Anchor': {'p_value': 0.9997752665277037, 'drift': False}, 'Links_in_tags': {'p_value': 0.8359863289917472, 'drift': False}, 'SFH': {'p_value': 0.9999982228268777, 'drift': False}, 'Submitting_to_email': {'p_value': 1.0, 'drift': False}, 'Abnormal_URL': {'p_value': 1.0, 'drift': False}, 'Redirect': {'p_value': 0.9999999999997877, 'drift': False}, 'on_mouseover': {'p_value': 1.0, 'drift': False}, 'RightClick': {'p_value': 1.0, 'drift': False}, 'popUpWidnow': {'p_value': 1.0, 'drift': False}, 'Iframe': {'p_value': 1.0, 'drift': False}, 'age_of_domain': {'p_value': 1.0, 'drift': False}, 'DNSRecord': {'p_value': 1.0, 'drift': False}, 'web_traffic': {'p_value': 1.0, 'drift': False}, 'Page_Rank': {'p_value': 0.9999654772410788, 'drift': False}, 'Google_Index': {'p_value': 0.8291361447554398, 'drift': False}, 'Links_pointing_to_page': {'p_value': 0.653006152591551, 'drift': False}, 'Statistical_report': {'p_value': 0.9998728965778992, 'drift': False}, 'Result': {'p_value': 1.0, 'drift': False}}
[2026-04-26 19:44:02,335] root - INFO - data validation intitianed and completed
[2026-04-26 19:44:02,335] root - INFO - Data Transformation Config initialized with training pipeline config: <networksecurity.entity.config_entity.trainingPipelineConfig object at 0x0000017491DCD510>
[2026-04-26 19:44:02,335] root - INFO - Data Transformation component initialized with data validation artifact: DataValidationArtifact(validation_status=True, valid_train_file_path='Artifacts\\04_26_2026_19_42_44\\data_validation\\validated\\train.csv', valid_test_file_path='Artifacts\\04_26_2026_19_42_44\\data_validation\\validated\\test.csv', invalid_train_file_path='Artifacts\\04_26_2026_19_42_44\\data_validation\\invalid\\train.csv', invalid_test_file_path='Artifacts\\04_26_2026_19_42_44\\data_validation\\invalid\\test.csv', drift_report_file_path='Artifacts\\04_26_2026_19_42_44\\data_validation\\drift_report\\report.yaml') and data transformation config: <networksecurity.entity.config_entity.DataTransformationConfig object at 0x0000017492FF6950>
[2026-04-26 19:44:02,335] root - INFO - Initiating data transformation
